<?xml version="1.0" encoding="UTF-8"?>
<!-- Generated by org.testng.reporters.JUnitReportReporter -->
<testsuite hostname="DESKTOP-UAJMCLF" failures="0" tests="1" name="tests.MyGroupsTest" time="112.973" errors="0" timestamp="2023-03-28T23:59:04 IST" skipped="0">
  <testcase classname="tests.MyGroupsTest" name="validateMyGroupsTest" time="112.973"/>
  <system-out/>
</testsuite> <!-- tests.MyGroupsTest -->
