<?xml version="1.0" encoding="UTF-8"?>
<!-- Generated by org.testng.reporters.JUnitReportReporter -->
<testsuite hostname="Admin" failures="0" tests="1" name="test.CreatepollTest" time="54.807" errors="0" timestamp="2023-03-21T09:56:43 IST" skipped="0">
  <testcase classname="test.CreatepollTest" name="validLoginTest" time="54.807"/>
  <system-out/>
</testsuite> <!-- test.CreatepollTest -->
