<?xml version="1.0" encoding="UTF-8"?>
<!-- Generated by org.testng.reporters.JUnitReportReporter -->
<testsuite hostname="DESKTOP-UAJMCLF" failures="0" tests="1" name="tests.MyPagesTest" time="70.990" errors="0" timestamp="2023-03-29T00:56:58 IST" skipped="0">
  <testcase classname="tests.MyPagesTest" name="validateMyPagesTest" time="70.990"/>
  <system-out/>
</testsuite> <!-- tests.MyPagesTest -->
