<?xml version="1.0" encoding="UTF-8"?>
<!-- Generated by org.testng.reporters.JUnitReportReporter -->
<testsuite hostname="DESKTOP-UAJMCLF" failures="0" tests="1" name="tests.LoginTests" time="44.170" errors="0" timestamp="2023-03-28T10:41:11 IST" skipped="0">
  <testcase classname="tests.LoginTests" name="validLoginTest" time="44.170"/>
  <system-out/>
</testsuite> <!-- tests.LoginTests -->
