<?xml version="1.0" encoding="UTF-8"?>
<!-- Generated by org.testng.reporters.JUnitReportReporter -->
<testsuite hostname="Admin" failures="0" tests="1" name="test.LoginTests" time="16.366" errors="0" timestamp="2023-03-14T15:01:31 IST" skipped="0">
  <testcase classname="test.LoginTests" name="validLoginTest" time="16.366"/>
  <system-out/>
</testsuite> <!-- test.LoginTests -->
