<?xml version="1.0" encoding="UTF-8"?>
<!-- Generated by org.testng.reporters.JUnitReportReporter -->
<testsuite hostname="Admin" failures="0" tests="1" name="test.UploadImageTest" time="0.000" errors="0" timestamp="2023-03-17T10:57:18 IST" skipped="1">
  <testcase classname="test.UploadImageTest" name="Uploadimage" time="0.000">
    <skipped/>
  </testcase> <!-- Uploadimage -->
  <system-out/>
</testsuite> <!-- test.UploadImageTest -->
