<?xml version="1.0" encoding="UTF-8"?>
<!-- Generated by org.testng.reporters.JUnitReportReporter -->
<testsuite hostname="DESKTOP-UAJMCLF" failures="0" tests="1" name="tests.RecentNewsFeed" time="45.735" errors="0" timestamp="2023-03-21T19:13:12 IST" skipped="0">
  <testcase classname="tests.RecentNewsFeed" name="validateRecentNewsFeed" time="45.735"/>
  <system-out/>
</testsuite> <!-- tests.RecentNewsFeed -->
